2022-07-16 09:37:53 [34mINFO [0;39m - com.company.CarpetWebApplication  - Starting CarpetWebApplication using Java 17.0.2 on WIN-28G8SEU3C0J with PID 10840 (D:\JAVA OWNER PROJECT\carpet_web\target\classes started by user in D:\JAVA OWNER PROJECT\carpet_web)
2022-07-16 09:37:53 [34mINFO [0;39m - com.company.CarpetWebApplication  - The following 1 profile is active: "dev"
2022-07-16 09:37:55 [34mINFO [0;39m - org.springframework.data.repository.config.RepositoryConfigurationDelegate  - Bootstrapping Spring Data JPA repositories in DEFAULT mode.
2022-07-16 09:37:55 [34mINFO [0;39m - org.springframework.data.repository.config.RepositoryConfigurationDelegate  - Finished Spring Data repository scanning in 121 ms. Found 10 JPA repository interfaces.
2022-07-16 09:37:56 [34mINFO [0;39m - org.springframework.boot.web.embedded.tomcat.TomcatWebServer  - Tomcat initialized with port(s): 8080 (http)
2022-07-16 09:37:56 [34mINFO [0;39m - org.apache.catalina.core.StandardService  - Starting service [Tomcat]
2022-07-16 09:37:56 [34mINFO [0;39m - org.apache.catalina.core.StandardEngine  - Starting Servlet engine: [Apache Tomcat/9.0.63]
2022-07-16 09:37:57 [34mINFO [0;39m - org.apache.catalina.core.ContainerBase.[Tomcat].[localhost].[/]  - Initializing Spring embedded WebApplicationContext
2022-07-16 09:37:57 [34mINFO [0;39m - org.springframework.boot.web.servlet.context.ServletWebServerApplicationContext  - Root WebApplicationContext: initialization completed in 3810 ms
2022-07-16 09:37:57 [34mINFO [0;39m - org.hibernate.jpa.internal.util.LogHelper  - HHH000204: Processing PersistenceUnitInfo [name: default]
2022-07-16 09:37:57 [34mINFO [0;39m - org.hibernate.Version  - HHH000412: Hibernate ORM core version 5.6.9.Final
2022-07-16 09:37:58 [34mINFO [0;39m - org.hibernate.annotations.common.Version  - HCANN000001: Hibernate Commons Annotations {5.1.2.Final}
2022-07-16 09:37:58 [34mINFO [0;39m - com.zaxxer.hikari.HikariDataSource  - HikariPool-1 - Starting...
2022-07-16 09:37:58 [34mINFO [0;39m - com.zaxxer.hikari.HikariDataSource  - HikariPool-1 - Start completed.
2022-07-16 09:37:58 [34mINFO [0;39m - org.hibernate.dialect.Dialect  - HHH000400: Using dialect: org.hibernate.dialect.PostgreSQL10Dialect
2022-07-16 09:37:59 [31mWARN [0;39m - org.hibernate.id.UUIDHexGenerator  - HHH000409: Using org.hibernate.id.UUIDHexGenerator which does not generate IETF RFC 4122 compliant UUID values; consider using org.hibernate.id.UUIDGenerator instead
2022-07-16 09:38:00 [34mINFO [0;39m - org.hibernate.engine.transaction.jta.platform.internal.JtaPlatformInitiator  - HHH000490: Using JtaPlatform implementation: [org.hibernate.engine.transaction.jta.platform.internal.NoJtaPlatform]
2022-07-16 09:38:00 [34mINFO [0;39m - org.springframework.orm.jpa.LocalContainerEntityManagerFactoryBean  - Initialized JPA EntityManagerFactory for persistence unit 'default'
2022-07-16 09:38:01 [31mWARN [0;39m - org.springframework.boot.autoconfigure.orm.jpa.JpaBaseConfiguration$JpaWebConfiguration  - spring.jpa.open-in-view is enabled by default. Therefore, database queries may be performed during view rendering. Explicitly configure spring.jpa.open-in-view to disable this warning
2022-07-16 09:38:02 [34mINFO [0;39m - org.springframework.security.web.DefaultSecurityFilterChain  - Will secure any request with [org.springframework.security.web.session.DisableEncodeUrlFilter@2a4f1bc5, org.springframework.security.web.context.request.async.WebAsyncManagerIntegrationFilter@224e7aa5, org.springframework.security.web.context.SecurityContextPersistenceFilter@55731ccd, org.springframework.security.web.header.HeaderWriterFilter@2daa5092, org.springframework.security.web.authentication.logout.LogoutFilter@507fecf3, com.company.config.JwtTokenFilter@1b96d447, org.springframework.security.web.savedrequest.RequestCacheAwareFilter@41935a9d, org.springframework.security.web.servletapi.SecurityContextHolderAwareRequestFilter@2eb73a42, org.springframework.security.web.authentication.AnonymousAuthenticationFilter@89ff043, org.springframework.security.web.session.SessionManagementFilter@3f465ae, org.springframework.security.web.access.ExceptionTranslationFilter@3314f179, org.springframework.security.web.access.intercept.FilterSecurityInterceptor@560c3758]
2022-07-16 09:38:03 [34mINFO [0;39m - org.springframework.boot.web.embedded.tomcat.TomcatWebServer  - Tomcat started on port(s): 8080 (http) with context path ''
2022-07-16 09:38:04 [34mINFO [0;39m - com.company.CarpetWebApplication  - Started CarpetWebApplication in 11.845 seconds (JVM running for 13.626)
2022-07-16 10:49:19 [34mINFO [0;39m - org.springframework.orm.jpa.LocalContainerEntityManagerFactoryBean  - Closing JPA EntityManagerFactory for persistence unit 'default'
2022-07-16 10:49:19 [34mINFO [0;39m - com.zaxxer.hikari.HikariDataSource  - HikariPool-1 - Shutdown initiated...
2022-07-16 10:49:19 [34mINFO [0;39m - com.zaxxer.hikari.HikariDataSource  - HikariPool-1 - Shutdown completed.
